<?xml version="1.0" encoding="UTF-8"?>
<testng-results skipped="0" failed="0" ignored="0" total="1" passed="1">
  <reporter-output>
  </reporter-output>
  <suite name="Suite" duration-ms="60495" started-at="2021-01-05T14:38:40 IST" finished-at="2021-01-05T14:39:41 IST">
    <groups>
    </groups>
    <test name="Test" duration-ms="60495" started-at="2021-01-05T14:38:40 IST" finished-at="2021-01-05T14:39:41 IST">
      <class name="automation.demo.signIn">
        <test-method status="PASS" signature="test_login_Navigation()[pri:0, instance:automation.demo.signIn@291caca8]" name="test_login_Navigation" duration-ms="60440" started-at="2021-01-05T14:38:40 IST" finished-at="2021-01-05T14:39:41 IST">
          <reporter-output>
          </reporter-output>
        </test-method> <!-- test_login_Navigation -->
      </class> <!-- automation.demo.signIn -->
    </test> <!-- Test -->
  </suite> <!-- Suite -->
</testng-results>
